0 info it worked if it ends with ok
1 verbose cli [ 'C:\\Program Files\\nodejs\\node.exe',
1 verbose cli   'C:\\Users\\user\\AppData\\Roaming\\npm\\node_modules\\npm\\bin\\npm-cli.js',
1 verbose cli   'run',
1 verbose cli   'watch',
1 verbose cli   '--color' ]
2 info using npm@3.10.8
3 info using node@v4.4.2
4 verbose run-script [ 'prewatch', 'watch', 'postwatch' ]
5 info lifecycle ionic-app-base@~prewatch: ionic-app-base@
6 silly lifecycle ionic-app-base@~prewatch: no script for prewatch, continuing
7 info lifecycle ionic-app-base@~watch: ionic-app-base@
8 verbose lifecycle ionic-app-base@~watch: unsafe-perm in lifecycle true
9 verbose lifecycle ionic-app-base@~watch: PATH: C:\Users\user\AppData\Roaming\npm\node_modules\npm\bin\node-gyp-bin;E:\ionic2rc1\node_modules\.bin;C:\Users\user\AppData\Roaming\npm;C:\Program Files\nodejs\;C:\ProgramData\Oracle\Java\javapath;C:\Windows\system32;C:\Windows;C:\Windows\System32\Wbem;C:\Windows\System32\WindowsPowerShell\v1.0\;C:\Program Files\nodejs\;C:\Program Files\Java\jdk1.8.0_74\bin\;C:\Users\user\AppData\Local\Android\sdk\platform-tools\;C:\Users\user\AppData\Local\Android\sdk\tools\;C:\apache-ant-1.9.6\bin\;C:\Program Files\Git\cmd;C:\Program Files (x86)\Skype\Phone\;C:\Users\user\AppData\Roaming\npm;C:\Program Files (x86)\Microsoft VS Code\bin
10 verbose lifecycle ionic-app-base@~watch: CWD: E:\ionic2rc1
11 silly lifecycle ionic-app-base@~watch: Args: [ '/d /s /c', 'ionic-app-scripts watch' ]
12 silly lifecycle ionic-app-base@~watch: Returned: code: 3221225786  signal: null
13 info lifecycle ionic-app-base@~watch: Failed to exec watch script
14 verbose stack Error: ionic-app-base@ watch: `ionic-app-scripts watch`
14 verbose stack Exit status 3221225786
14 verbose stack     at EventEmitter.<anonymous> (C:\Users\user\AppData\Roaming\npm\node_modules\npm\lib\utils\lifecycle.js:255:16)
14 verbose stack     at emitTwo (events.js:87:13)
14 verbose stack     at EventEmitter.emit (events.js:172:7)
14 verbose stack     at ChildProcess.<anonymous> (C:\Users\user\AppData\Roaming\npm\node_modules\npm\lib\utils\spawn.js:40:14)
14 verbose stack     at emitTwo (events.js:87:13)
14 verbose stack     at ChildProcess.emit (events.js:172:7)
14 verbose stack     at maybeClose (internal/child_process.js:827:16)
14 verbose stack     at Process.ChildProcess._handle.onexit (internal/child_process.js:211:5)
15 verbose pkgid ionic-app-base@
16 verbose cwd E:\ionic2rc1
17 error Windows_NT 6.1.7601
18 error argv "C:\\Program Files\\nodejs\\node.exe" "C:\\Users\\user\\AppData\\Roaming\\npm\\node_modules\\npm\\bin\\npm-cli.js" "run" "watch" "--color"
19 error node v4.4.2
20 error npm  v3.10.8
21 error code ELIFECYCLE
22 error ionic-app-base@ watch: `ionic-app-scripts watch`
22 error Exit status 3221225786
23 error Failed at the ionic-app-base@ watch script 'ionic-app-scripts watch'.
23 error Make sure you have the latest version of node.js and npm installed.
23 error If you do, this is most likely a problem with the ionic-app-base package,
23 error not with npm itself.
23 error Tell the author that this fails on your system:
23 error     ionic-app-scripts watch
23 error You can get information on how to open an issue for this project with:
23 error     npm bugs ionic-app-base
23 error Or if that isn't available, you can get their info via:
23 error     npm owner ls ionic-app-base
23 error There is likely additional logging output above.
24 verbose exit [ 1, true ]
